info it worked if it ends with ok
verbose cli [ 'node', '/usr/local/bin/npm', 'start' ]
info using npm@1.1.21
info using node@v0.6.18
verbose config file /Users/jmcgarrity/.npmrc
verbose config file /usr/local/etc/npmrc
verbose config file /usr/local/lib/node_modules/npm/npmrc
verbose caching /Volumes/User Data/Users/jmcgarrity/Dropbox/GitHub/HULK/app/server/myApp/package.json
verbose loadDefaults application-name@0.0.1
verbose run-script [ 'prestart', 'start', 'poststart' ]
info prestart application-name@0.0.1
info start application-name@0.0.1
verbose unsafe-perm in lifecycle true
silly exec sh "-c" "supervisor app.js"
silly spawning [ 'sh',
silly spawning   [ '-c', 'supervisor app.js' ],
silly spawning   '/Volumes/User Data/Users/jmcgarrity/Dropbox/GitHub/HULK/app/server/myApp' ]
info application-name@0.0.1 Failed to exec start script
ERR! application-name@0.0.1 start: `supervisor app.js`
ERR! `sh "-c" "supervisor app.js"` failed with 1
ERR! 
ERR! Failed at the application-name@0.0.1 start script.
ERR! This is most likely a problem with the application-name package,
ERR! not with npm itself.
ERR! Tell the author that this fails on your system:
ERR!     supervisor app.js
ERR! You can get their info via:
ERR!     npm owner ls application-name
ERR! There is likely additional logging output above.
ERR! 
ERR! System Darwin 11.4.2
ERR! command "node" "/usr/local/bin/npm" "start"
ERR! cwd /Volumes/User Data/Users/jmcgarrity/Dropbox/GitHub/HULK/app/server/myApp
ERR! node -v v0.6.18
ERR! npm -v 1.1.21
ERR! code ELIFECYCLE
ERR! message application-name@0.0.1 start: `supervisor app.js`
ERR! message `sh "-c" "supervisor app.js"` failed with 1
ERR! errno {}
verbose exit [ 1, true ]
