info it worked if it ends with ok
verbose cli [ 'node', '/usr/local/bin/npm', 'start' ]
info using npm@1.1.21
info using node@v0.6.18
verbose config file /Users/jmcgarrity/.npmrc
verbose config file /usr/local/etc/npmrc
verbose config file /usr/local/lib/node_modules/npm/npmrc
ERR! Error: ENOENT, open '/Volumes/User Data/Users/jmcgarrity/Dropbox/GitHub/HULK/package.json'
ERR! You may report this log at:
ERR!     <http://github.com/isaacs/npm/issues>
ERR! or email it to:
ERR!     <npm-@googlegroups.com>
ERR! 
ERR! System Darwin 11.4.2
ERR! command "node" "/usr/local/bin/npm" "start"
ERR! cwd /Volumes/User Data/Users/jmcgarrity/Dropbox/GitHub/HULK
ERR! node -v v0.6.18
ERR! npm -v 1.1.21
ERR! path /Volumes/User Data/Users/jmcgarrity/Dropbox/GitHub/HULK/package.json
ERR! code ENOENT
ERR! message ENOENT, open '/Volumes/User Data/Users/jmcgarrity/Dropbox/GitHub/HULK/package.json'
ERR! errno {}
verbose exit [ 1, true ]
